Arguments: 
  C:\Program Files\nodejs\node.exe C:\Users\Pikao\scoop\apps\yarn\current\Yarn\bin\yarn.js add @types/screep

PATH: 
  C:\Users\Pikao\Documents\cmder\bin;C:\Users\Pikao\Documents\cmder\vendor\bin;C:\Users\Pikao\Documents\cmder\vendor\conemu-maximus5\ConEmu\Scripts;C:\Users\Pikao\Documents\cmder\vendor\conemu-maximus5;C:\Users\Pikao\Documents\cmder\vendor\conemu-maximus5\ConEmu;C:\Program Files (x86)\Common Files\Intel\Shared Libraries\redist\intel64\compiler;C:\Python39\Scripts\;C:\Python39\;C:\Python27\;C:\Python27\Scripts;C:\Windows\system32;C:\Windows;C:\Windows\System32\Wbem;C:\Windows\System32\WindowsPowerShell\v1.0\;C:\Windows\System32\OpenSSH\;C:\ProgramData\chocolatey\bin;C:\Program Files\NVIDIA Corporation\NVIDIA NvDLISR;C:\Program Files (x86)\NVIDIA Corporation\PhysX\Common;C:\Program Files\dotnet\;C:\WINDOWS\system32;C:\WINDOWS;C:\WINDOWS\System32\Wbem;C:\WINDOWS\System32\WindowsPowerShell\v1.0\;C:\WINDOWS\System32\OpenSSH\;C:\Program Files\nodejs\;C:\Users\Pikao\scoop\apps\yarn\current\Yarn\bin;C:\Users\Pikao\scoop\apps\yarn\current\global\node_modules\.bin;C:\Users\Pikao\scoop\shims;C:\Users\Pikao\AppData\Local\Microsoft\WindowsApps;C:\Users\Pikao\AppData\Local\Programs\Microsoft VS Code\bin;C:\Program Files\heroku\bin;C:\Users\Pikao\AppData\Local\Microsoft\WindowsApps;C:\Users\Pikao\AppData\Roaming\npm;C:\Users\Pikao\Documents\cmder\vendor\git-for-windows\cmd;C:\Users\Pikao\Documents\cmder\vendor\git-for-windows\mingw64\bin;C:\Users\Pikao\Documents\cmder\vendor\git-for-windows\usr\bin;C:\Users\Pikao\Documents\cmder

Yarn version: 
  1.22.4

Node version: 
  16.0.0

Platform: 
  win32 x64

Trace: 
  Error: https://registry.yarnpkg.com/@types%2fscreep: Not found
      at Request.params.callback [as _callback] (C:\Users\Pikao\scoop\apps\yarn\1.22.4\Yarn\lib\cli.js:66096:18)
      at Request.self.callback (C:\Users\Pikao\scoop\apps\yarn\1.22.4\Yarn\lib\cli.js:140748:22)
      at Request.emit (node:events:365:28)
      at Request.<anonymous> (C:\Users\Pikao\scoop\apps\yarn\1.22.4\Yarn\lib\cli.js:141720:10)
      at Request.emit (node:events:365:28)
      at IncomingMessage.<anonymous> (C:\Users\Pikao\scoop\apps\yarn\1.22.4\Yarn\lib\cli.js:141642:12)
      at Object.onceWrapper (node:events:471:28)
      at IncomingMessage.emit (node:events:377:35)
      at endReadableNT (node:internal/streams/readable:1312:12)
      at processTicksAndRejections (node:internal/process/task_queues:83:21)

npm manifest: 
  {
    "name": "tutorial-5",
    "version": "1.0.0",
    "main": "index.js",
    "license": "MIT"
  }

yarn manifest: 
  No manifest

Lockfile: 
  No lockfile
